
2019-06-14 17:53:32,192
Source: data/Abay_Zholy_1_Kitap.txt
Destination: dst/Abay_Zholy_1_Kitap.txt
Dialogs: 5

2019-06-14 17:53:32,198
Source: data/Abay_Zholy_2_Kitap.txt
Destination: dst/Abay_Zholy_2_Kitap.txt
Dialogs: 1

2019-06-14 17:53:32,203
Source: data/Abay_Zholy_3_Kitap.txt
Destination: dst/Abay_Zholy_3_Kitap.txt
Dialogs: 35

2019-06-14 17:53:32,208
Source: data/Abay_Zholy_4_Kitap.txt
Destination: dst/Abay_Zholy_4_Kitap.txt
Dialogs: 0

2019-06-14 17:53:32,215
Source: data/Don1.txt
Destination: dst/Don1.txt
Dialogs: 0

2019-06-14 17:53:32,222
Source: data/Don2.txt
Destination: dst/Don2.txt
Dialogs: 0

2019-06-14 17:53:32,229
Source: data/KAZ_Don1.txt
Destination: dst/KAZ_Don1.txt
Dialogs: 0

2019-06-14 17:53:32,237
Source: data/KAZ_Don2.txt
Destination: dst/KAZ_Don2.txt
Dialogs: 0

2019-06-14 17:53:32,241
Source: data/KAZ_Morskoy_Volk.txt
Destination: dst/KAZ_Morskoy_Volk.txt
Dialogs: 1

2019-06-14 17:53:32,246
Source: data/KAZ_Papa.txt
Destination: dst/KAZ_Papa.txt
Dialogs: 358

2019-06-14 17:53:32,247
Source: data/KAZ_Prince.txt
Destination: dst/KAZ_Prince.txt
Dialogs: 450

2019-06-14 17:53:32,250
Source: data/Morskoy_Volk.txt
Destination: dst/Morskoy_Volk.txt
Dialogs: 0

2019-06-14 17:53:32,251
Source: data/Papa.txt
Destination: dst/Papa.txt
Dialogs: 0

2019-06-14 17:53:32,252
Source: data/Prince.txt
Destination: dst/Prince.txt
Dialogs: 0

2019-06-14 17:53:32,256
Source: data/alem_tarix_oi_1.txt
Destination: dst/alem_tarix_oi_1.txt
Dialogs: 0

2019-06-14 17:53:32,262
Source: data/alem_tarix_oi_3.txt
Destination: dst/alem_tarix_oi_3.txt
Dialogs: 0

2019-06-14 17:53:32,267
Source: data/alem_tarix_oi_4.txt
Destination: dst/alem_tarix_oi_4.txt
Dialogs: 6

2019-06-14 17:53:32,272
Source: data/alemdik_madeniettanu_oj_sanasy_i.txt
Destination: dst/alemdik_madeniettanu_oj_sanasy_i.txt
Dialogs: 2

2019-06-14 17:53:32,277
Source: data/alemdik_madeniettanu_oj_sanasy_ii.txt
Destination: dst/alemdik_madeniettanu_oj_sanasy_ii.txt
Dialogs: 0

2019-06-14 17:53:32,282
Source: data/alemdik_madeniettanu_oj_sanasy_iii.txt
Destination: dst/alemdik_madeniettanu_oj_sanasy_iii.txt
Dialogs: 1

2019-06-14 17:53:32,287
Source: data/alemdik_madeniettanu_oj_sanasy_iv.txt
Destination: dst/alemdik_madeniettanu_oj_sanasy_iv.txt
Dialogs: 1

2019-06-14 17:53:32,291
Source: data/alemdik_madeniettanu_oj_sanasy_ix.txt
Destination: dst/alemdik_madeniettanu_oj_sanasy_ix.txt
Dialogs: 0

2019-06-14 17:53:32,296
Source: data/alemdik_madeniettanu_oj_sanasy_v.txt
Destination: dst/alemdik_madeniettanu_oj_sanasy_v.txt
Dialogs: 84

2019-06-14 17:53:32,300
Source: data/alemdik_madeniettanu_oj_sanasy_vi.txt
Destination: dst/alemdik_madeniettanu_oj_sanasy_vi.txt
Dialogs: 1

2019-06-14 17:53:32,304
Source: data/alemdik_madeniettanu_oj_sanasy_vii.txt
Destination: dst/alemdik_madeniettanu_oj_sanasy_vii.txt
Dialogs: 0

2019-06-14 17:53:32,309
Source: data/alemdik_madeniettanu_oj_sanasy_viii.txt
Destination: dst/alemdik_madeniettanu_oj_sanasy_viii.txt
Dialogs: 0

2019-06-14 17:53:32,313
Source: data/alemdik_madeniettanu_oj_sanasy_x.txt
Destination: dst/alemdik_madeniettanu_oj_sanasy_x.txt
Dialogs: 0

2019-06-14 17:53:32,318
Source: data/alemdik_tarixi_oi_2.txt
Destination: dst/alemdik_tarixi_oi_2.txt
Dialogs: 1

2019-06-14 17:53:32,321
Source: data/altyn_orda_i_kitap.txt
Destination: dst/altyn_orda_i_kitap.txt
Dialogs: 3

2019-06-14 17:53:32,325
Source: data/altyn_orda_ii_kitap.txt
Destination: dst/altyn_orda_ii_kitap.txt
Dialogs: 0

2019-06-14 17:53:32,328
Source: data/altyn_orda_iii_kitap.txt
Destination: dst/altyn_orda_iii_kitap.txt
Dialogs: 0

2019-06-14 17:53:32,330
Source: data/altyn_qus_esenberlin.txt
Destination: dst/altyn_qus_esenberlin.txt
Dialogs: 0

2019-06-14 17:53:32,330
Source: data/alyp_su_zhylany.txt
Destination: dst/alyp_su_zhylany.txt
Dialogs: 40

2019-06-14 17:53:32,330
Source: data/alyptyng_keremetteri.txt
Destination: dst/alyptyng_keremetteri.txt
Dialogs: 13

2019-06-14 17:53:32,333
Source: data/alystahy_arpalys.txt
Destination: dst/alystahy_arpalys.txt
Dialogs: 0

2019-06-14 17:53:32,337
Source: data/antikalyq_rim_jane_tarxi_oi.txt
Destination: dst/antikalyq_rim_jane_tarxi_oi.txt
Dialogs: 0

2019-06-14 17:53:32,342
Source: data/aqqan_zhuldyz_1.txt
Destination: dst/aqqan_zhuldyz_1.txt
Dialogs: 0

2019-06-14 17:53:32,348
Source: data/aqqan_zhuldyz_2.txt
Destination: dst/aqqan_zhuldyz_2.txt
Dialogs: 4

2019-06-14 17:53:32,349
Source: data/baluan_sholaq_angyz.txt
Destination: dst/baluan_sholaq_angyz.txt
Dialogs: 0

2019-06-14 17:53:32,351
Source: data/baluan_sholaq_povest.txt
Destination: dst/baluan_sholaq_povest.txt
Dialogs: 0

2019-06-14 17:53:32,352
Source: data/batyr_qyz.txt
Destination: dst/batyr_qyz.txt
Dialogs: 0

2019-06-14 17:53:32,352
Source: data/bota_adamgerwi.txt
Destination: dst/bota_adamgerwi.txt
Dialogs: 1

2019-06-14 17:53:32,356
Source: data/bota_armainanak.txt
Destination: dst/bota_armainanak.txt
Dialogs: 876

2019-06-14 17:53:32,361
Source: data/bota_armaniubfnd.txt
Destination: dst/bota_armaniubfnd.txt
Dialogs: 954

2019-06-14 17:53:32,363
Source: data/bota_jalgan3.txt
Destination: dst/bota_jalgan3.txt
Dialogs: 1

2019-06-14 17:53:32,364
Source: data/bota_jeznd.txt
Destination: dst/bota_jeznd.txt
Dialogs: 0

2019-06-14 17:53:32,370
Source: data/elim_aj_i_ikitap.txt
Destination: dst/elim_aj_i_ikitap.txt
Dialogs: 114

2019-06-14 17:53:32,374
Source: data/elim_aj_i_kitap.txt
Destination: dst/elim_aj_i_kitap.txt
Dialogs: 8

2019-06-14 17:53:32,381
Source: data/elim_aj_iii_kitap.txt
Destination: dst/elim_aj_iii_kitap.txt
Dialogs: 9

2019-06-14 17:53:32,386
Source: data/guma_akan_seri.txt
Destination: dst/guma_akan_seri.txt
Dialogs: 151

2019-06-14 17:53:32,391
Source: data/guma_akan_seri_2.txt
Destination: dst/guma_akan_seri_2.txt
Dialogs: 10

2019-06-14 17:53:32,395
Source: data/jana_zaman_tarixi_oi.txt
Destination: dst/jana_zaman_tarixi_oi.txt
Dialogs: 0

2019-06-14 17:53:32,402
Source: data/moldir_maxabbat.txt
Destination: dst/moldir_maxabbat.txt
Dialogs: 288

2019-06-14 17:53:32,402
Source: data/muxtar_mahauin_tazynyng_olimi.txt
Destination: dst/muxtar_mahauin_tazynyng_olimi.txt
Dialogs: 0

2019-06-14 17:53:32,404
Source: data/new_file.txt
Destination: dst/new_file.txt
Dialogs: 0

2019-06-14 17:53:32,409
Source: data/ortagasyrlyq_tarxi_oi.txt
Destination: dst/ortagasyrlyq_tarxi_oi.txt
Dialogs: 1

2019-06-14 17:53:32,414
Source: data/qazaq_xalqynyng_filosofiyalyq_murasy_i_kitap.txt
Destination: dst/qazaq_xalqynyng_filosofiyalyq_murasy_i_kitap.txt
Dialogs: 1

2019-06-14 17:53:32,421
Source: data/qazaq_xalqynyng_filosofiyalyq_murasy_ii_kitap.txt
Destination: dst/qazaq_xalqynyng_filosofiyalyq_murasy_ii_kitap.txt
Dialogs: 210

2019-06-14 17:53:32,426
Source: data/qazaq_xalqynyng_filosofiyalyq_murasy_iii_kitap.txt
Destination: dst/qazaq_xalqynyng_filosofiyalyq_murasy_iii_kitap.txt
Dialogs: 0

2019-06-14 17:53:32,432
Source: data/qazaq_xalqynyng_filosofiyalyq_murasy_iv_kitap.txt
Destination: dst/qazaq_xalqynyng_filosofiyalyq_murasy_iv_kitap.txt
Dialogs: 39

2019-06-14 17:53:32,436
Source: data/qazaq_xalqynyng_filosofiyalyq_murasy_ix_kitap.txt
Destination: dst/qazaq_xalqynyng_filosofiyalyq_murasy_ix_kitap.txt
Dialogs: 19

2019-06-14 17:53:32,444
Source: data/qazaq_xalqynyng_filosofiyalyq_murasy_v_kitap.txt
Destination: dst/qazaq_xalqynyng_filosofiyalyq_murasy_v_kitap.txt
Dialogs: 12

2019-06-14 17:53:32,450
Source: data/qazaq_xalqynyng_filosofiyalyq_murasy_vi_kitap.txt
Destination: dst/qazaq_xalqynyng_filosofiyalyq_murasy_vi_kitap.txt
Dialogs: 938

2019-06-14 17:53:32,455
Source: data/qazaq_xalqynyng_filosofiyalyq_murasy_vii_kitap.txt
Destination: dst/qazaq_xalqynyng_filosofiyalyq_murasy_vii_kitap.txt
Dialogs: 5

2019-06-14 17:53:32,459
Source: data/qazaq_xalqynyng_filosofiyalyq_murasy_viii_kitap.txt
Destination: dst/qazaq_xalqynyng_filosofiyalyq_murasy_viii_kitap.txt
Dialogs: 40

2019-06-14 17:53:32,465
Source: data/qazaq_xalqynyng_filosofiyalyq_murasy_x_kitap.txt
Destination: dst/qazaq_xalqynyng_filosofiyalyq_murasy_x_kitap.txt
Dialogs: 49

2019-06-14 17:53:32,469
Source: data/qazaq_xalqynyng_filosofiyalyq_murasy_xi_kitap.txt
Destination: dst/qazaq_xalqynyng_filosofiyalyq_murasy_xi_kitap.txt
Dialogs: 0

2019-06-14 17:53:32,475
Source: data/qazaq_xalqynyng_filosofiyalyq_murasy_xii_kitap.txt
Destination: dst/qazaq_xalqynyng_filosofiyalyq_murasy_xii_kitap.txt
Dialogs: 0

2019-06-14 17:53:32,482
Source: data/qazaq_xalqynyng_filosofiyalyq_murasy_xiii_kitap.txt
Destination: dst/qazaq_xalqynyng_filosofiyalyq_murasy_xiii_kitap.txt
Dialogs: 0

2019-06-14 17:53:32,488
Source: data/qazaq_xalqynyng_filosofiyalyq_murasy_xiv_kitap.txt
Destination: dst/qazaq_xalqynyng_filosofiyalyq_murasy_xiv_kitap.txt
Dialogs: 85

2019-06-14 17:53:32,492
Source: data/qazaq_xalqynyng_filosofiyalyq_murasy_xv_kitap.txt
Destination: dst/qazaq_xalqynyng_filosofiyalyq_murasy_xv_kitap.txt
Dialogs: 1

2019-06-14 17:53:32,497
Source: data/qazaq_xalqynyng_filosofiyalyq_murasy_xvi_kitap.txt
Destination: dst/qazaq_xalqynyng_filosofiyalyq_murasy_xvi_kitap.txt
Dialogs: 16

2019-06-14 17:53:32,501
Source: data/qazaq_xalqynyng_filosofiyalyq_murasy_xvii_kitap.txt
Destination: dst/qazaq_xalqynyng_filosofiyalyq_murasy_xvii_kitap.txt
Dialogs: 16

2019-06-14 17:53:32,507
Source: data/qazaq_xalqynyng_filosofiyalyq_murasy_xviii_kitap.txt
Destination: dst/qazaq_xalqynyng_filosofiyalyq_murasy_xviii_kitap.txt
Dialogs: 49

2019-06-14 17:53:32,508
Source: data/raxmet_otesinov_alyptyng_arnasy.txt
Destination: dst/raxmet_otesinov_alyptyng_arnasy.txt
Dialogs: 1

2019-06-14 17:53:32,514
Source: data/resei_tarihi_oiy.txt
Destination: dst/resei_tarihi_oiy.txt
Dialogs: 2

2019-06-14 17:53:32,517
Source: data/syqaq_anggimeler_i_kitap.txt
Destination: dst/syqaq_anggimeler_i_kitap.txt
Dialogs: 0

2019-06-14 17:53:32,518
Source: data/syqaq_zhane_azil_ospaq_anggimeler_ii_kitap.txt
Destination: dst/syqaq_zhane_azil_ospaq_anggimeler_ii_kitap.txt
Dialogs: 0

2019-06-14 17:53:32,522
Source: data/turik_halyktarynyn_tarixi_oiy.txt
Destination: dst/turik_halyktarynyn_tarixi_oiy.txt
Dialogs: 28

2019-06-14 17:53:32,531
Source: data/uaqyt_zaman_ahyny_iii_tom.txt
Destination: dst/uaqyt_zaman_ahyny_iii_tom.txt
Dialogs: 2

2019-06-14 17:53:32,535
Source: data/xamza_esenzhanov_agaiyndy_junisovtar_1_bolim.txt
Destination: dst/xamza_esenzhanov_agaiyndy_junisovtar_1_bolim.txt
Dialogs: 0

2019-06-14 17:53:32,537
Source: data/xamza_esenzhanov_agaiyndy_junisovtar_2_bolim.txt
Destination: dst/xamza_esenzhanov_agaiyndy_junisovtar_2_bolim.txt
Dialogs: 0
